<?xml version="1.0" encoding="UTF-8"?>
<testsuite name="ReverseStringTest" tests="5" skipped="0" failures="0" errors="0" timestamp="2019-07-04T01:59:12" hostname="LAPTOP-GS37GKUO" time="0.01">
  <properties/>
  <testcase name="testAWord" classname="ReverseStringTest" time="0.009"/>
  <testcase name="testAnEmptyString" classname="ReverseStringTest" time="0.0"/>
  <testcase name="testACapitalizedWord" classname="ReverseStringTest" time="0.0"/>
  <testcase name="testASentenceWithPunctuation" classname="ReverseStringTest" time="0.0"/>
  <testcase name="testAPalindrome" classname="ReverseStringTest" time="0.0"/>
  <system-out><![CDATA[]]></system-out>
  <system-err><![CDATA[]]></system-err>
</testsuite>
