<?xml version="1.0" encoding="UTF-8"?>
<testsuite name="MatrixTest" tests="8" skipped="0" failures="0" errors="0" timestamp="2019-07-04T12:21:06" hostname="LAPTOP-GS37GKUO" time="0.009">
  <properties/>
  <testcase name="extractRowFromOneNumberMatrixTest" classname="MatrixTest" time="0.006"/>
  <testcase name="extractRowFromDiffWidthsMatrixTest" classname="MatrixTest" time="0.0"/>
  <testcase name="extractColumnFromNonSquareMatrixTest" classname="MatrixTest" time="0.001"/>
  <testcase name="extractColumnFromDiffWidthsMatrixTest" classname="MatrixTest" time="0.001"/>
  <testcase name="extractColumnMatrixTest" classname="MatrixTest" time="0.0"/>
  <testcase name="extractRowFromMatrixTest" classname="MatrixTest" time="0.0"/>
  <testcase name="extractColumnFromOneNumberMatrixTest" classname="MatrixTest" time="0.0"/>
  <testcase name="extractRowFromNonSquareMatrixTest" classname="MatrixTest" time="0.0"/>
  <system-out><![CDATA[]]></system-out>
  <system-err><![CDATA[]]></system-err>
</testsuite>
