<?xml version="1.0" encoding="UTF-8"?>
<testsuite name="AcronymTest" tests="9" skipped="0" failures="0" errors="0" timestamp="2019-07-04T01:10:58" hostname="LAPTOP-GS37GKUO" time="0.011">
  <properties/>
  <testcase name="underscoreEmphasis" classname="AcronymTest" time="0.008"/>
  <testcase name="lowercaseWords" classname="AcronymTest" time="0.0"/>
  <testcase name="apostrophes" classname="AcronymTest" time="0.0"/>
  <testcase name="basic" classname="AcronymTest" time="0.0"/>
  <testcase name="veryLongAbbreviation" classname="AcronymTest" time="0.0"/>
  <testcase name="nonAcronymAllCapsWord" classname="AcronymTest" time="0.0"/>
  <testcase name="consecutiveDelimiters" classname="AcronymTest" time="0.0"/>
  <testcase name="punctuationWithoutWhitespace" classname="AcronymTest" time="0.0"/>
  <testcase name="punctuation" classname="AcronymTest" time="0.0"/>
  <system-out><![CDATA[]]></system-out>
  <system-err><![CDATA[]]></system-err>
</testsuite>
