<?xml version="1.0" encoding="UTF-8"?>
<testsuite name="ResistorColorTest" tests="5" skipped="0" failures="0" errors="0" timestamp="2019-07-04T01:33:53" hostname="LAPTOP-GS37GKUO" time="0.004">
  <properties/>
  <testcase name="testWhiteColorCode" classname="ResistorColorTest" time="0.002"/>
  <testcase name="testWrongOrangeColorCode" classname="ResistorColorTest" time="0.0"/>
  <testcase name="testColors" classname="ResistorColorTest" time="0.001"/>
  <testcase name="testBlackColorCode" classname="ResistorColorTest" time="0.001"/>
  <testcase name="testOrangeColorCode" classname="ResistorColorTest" time="0.0"/>
  <system-out><![CDATA[]]></system-out>
  <system-err><![CDATA[]]></system-err>
</testsuite>
