<?xml version="1.0" encoding="UTF-8"?>
<testsuite name="MatrixTest" tests="9" skipped="0" failures="0" errors="0" timestamp="2019-07-05T13:18:01" hostname="LAPTOP-GS37GKUO" time="0.006">
  <properties/>
  <testcase name="testCanIdentifyMultipleSaddlePointsInAColumn" classname="MatrixTest" time="0.002"/>
  <testcase name="testCanIdentifyThatEmptyMatrixHasNoSaddlePoints" classname="MatrixTest" time="0.0"/>
  <testcase name="testCanIdentifySaddlePointInBottomRightCorner" classname="MatrixTest" time="0.0"/>
  <testcase name="testCanIdentifyMultipleSaddlePointsInARow" classname="MatrixTest" time="0.001"/>
  <testcase name="testCanIdentifySaddlePointsInANonSquareMatrix" classname="MatrixTest" time="0.0"/>
  <testcase name="testCanIdentifyThatSaddlePointsInASingleRowMatrixAreThoseWithMaximumValue" classname="MatrixTest" time="0.0"/>
  <testcase name="testCanIdentifyLackOfSaddlePointsWhenThereAreNone" classname="MatrixTest" time="0.0"/>
  <testcase name="testCanIdentifySingleSaddlePoint" classname="MatrixTest" time="0.0"/>
  <testcase name="testCanIdentifyThatSaddlePointsInASingleColumnMatrixAreThoseWithMinimumValue" classname="MatrixTest" time="0.0"/>
  <system-out><![CDATA[]]></system-out>
  <system-err><![CDATA[]]></system-err>
</testsuite>
